<?xml version="1.0" encoding="UTF-8"?>
<testng-results ignored="0" total="1" passed="1" failed="0" skipped="0">
  <reporter-output>
  </reporter-output>
  <suite started-at="2024-08-08T14:23:18 IST" name="Default suite" finished-at="2024-08-08T14:23:34 IST" duration-ms="16209">
    <groups>
    </groups>
    <test started-at="2024-08-08T14:23:18 IST" name="Default test" finished-at="2024-08-08T14:23:34 IST" duration-ms="16209">
      <class name="rahulshettyacademy.tests.SubmitOrderTest">
        <test-method signature="submitOrder()[pri:0, instance:rahulshettyacademy.tests.SubmitOrderTest@6e9175d8]" started-at="2024-08-08T14:23:18 IST" name="submitOrder" finished-at="2024-08-08T14:23:34 IST" duration-ms="16153" status="PASS">
          <reporter-output>
          </reporter-output>
        </test-method> <!-- submitOrder -->
      </class> <!-- rahulshettyacademy.tests.SubmitOrderTest -->
    </test> <!-- Default test -->
  </suite> <!-- Default suite -->
</testng-results>
